<?xml version="1.0" encoding="UTF-8"?>
<!-- Generated by org.testng.reporters.JUnitXMLReporter -->
<testsuite hostname="LAPTOP-PLBTIQVB" ignored="0" name="Test" tests="3" failures="0" timestamp="26 Jan 2021 12:36:46 GMT" time="19.011" errors="0">
  <testcase name="FacebookRegisterTest3" time="18.229" classname="com.facebook.tests.FacebookRegister"/>
  <testcase name="FacebookRegisterTest2" time="18.294" classname="com.facebook.tests.FacebookRegister"/>
  <testcase name="FacebookRegisterTest1" time="18.978" classname="com.facebook.tests.FacebookRegister"/>
</testsuite> <!-- Test -->
